Using pre-set license
Built from '2021.1/staging' branch; Version is '2021.1.2f1 (e5d502d80fbb) revision 15062274'; Using compiler version '192528614'; Build Type 'Release'
OS: 'Windows 10 Home Single Language; OS build 18362.476; Version 1903; 64bit' Language: 'pt' Physical Memory: 16250 MB
BatchMode: 1, IsHumanControllingUs: 0, StartBugReporterOnCrash: 0, Is64bit: 1, IsPro: 0

 COMMAND LINE ARGUMENTS:
C:\Program Files\Unity\Hub\Editor\2021.1.2f1\Editor\Unity.exe
-adb2
-batchMode
-noUpm
-name
AssetImportWorker1
-projectPath
D:/Games/Zero3/Unity/Hoplon
-logFile
Logs/AssetImportWorker1.log
-srvPort
49707
Successfully changed project path to: D:/Games/Zero3/Unity/Hoplon
D:/Games/Zero3/Unity/Hoplon
Using Asset Import Pipeline V2.
Refreshing native plugins compatible for Editor in 156.45 ms, found 3 plugins.
Preloading 0 native plugins for Editor in 0.00 ms.
Initialize engine version: 2021.1.2f1 (e5d502d80fbb)
[Subsystems] Discovering subsystems at path C:/Program Files/Unity/Hub/Editor/2021.1.2f1/Editor/Data/Resources/UnitySubsystems
[Subsystems] Discovering subsystems at path D:/Games/Zero3/Unity/Hoplon/Assets
GfxDevice: creating device client; threaded=0; jobified=0
Direct3D:
    Version:  Direct3D 11.0 [level 11.1]
    Renderer: NVIDIA GeForce GTX 1050 Ti (ID=0x1c8c)
    Vendor:   NVIDIA
    VRAM:     4018 MB
    Driver:   23.21.13.9125
Initialize mono
Mono path[0] = 'C:/Program Files/Unity/Hub/Editor/2021.1.2f1/Editor/Data/Managed'
Mono path[1] = 'C:/Program Files/Unity/Hub/Editor/2021.1.2f1/Editor/Data/MonoBleedingEdge/lib/mono/unityjit'
Mono config path = 'C:/Program Files/Unity/Hub/Editor/2021.1.2f1/Editor/Data/MonoBleedingEdge/etc'
Using monoOptions --debugger-agent=transport=dt_socket,embedding=1,server=y,suspend=n,address=127.0.0.1:56140
Begin MonoManager ReloadAssembly
Registering precompiled unity dll's ...
Register platform support module: C:/Program Files/Unity/Hub/Editor/2021.1.2f1/Editor/Data/PlaybackEngines/WindowsStandaloneSupport/UnityEditor.WindowsStandalone.Extensions.dll
Registered in 0.002460 seconds.
Native extension for WindowsStandalone target not found
Refreshing native plugins compatible for Editor in 148.67 ms, found 3 plugins.
Preloading 0 native plugins for Editor in 0.00 ms.
Mono: successfully reloaded assembly
- Completed reload, in  3.206 seconds
Platform modules already initialized, skipping
Registering precompiled user dll's ...
Registered in 0.007199 seconds.
Begin MonoManager ReloadAssembly
Native extension for WindowsStandalone target not found
Refreshing native plugins compatible for Editor in 214.60 ms, found 3 plugins.
Preloading 0 native plugins for Editor in 0.00 ms.
RefreshInfo: StopAssetImportingV2(NoUpdateAssetOptions) scanfilter: 
RefreshProfiler: Total: 0.000ms
Mono: successfully reloaded assembly
- Completed reload, in  2.647 seconds
Platform modules already initialized, skipping
========================================================================
Worker process is ready to serve import requests
Shader 'Universal Render Pipeline/Particles/Lit': fallback shader 'Universal Render Pipeline/Particles/SimpleLit' not found
Shader 'Universal Render Pipeline/Particles/Lit': fallback shader 'Universal Render Pipeline/Particles/SimpleLit' not found
Launched and connected shader compiler UnityShaderCompiler.exe after 0.08 seconds
Refreshing native plugins compatible for Editor in 2.13 ms, found 3 plugins.
Preloading 0 native plugins for Editor in 0.00 ms.
Unloading 98 Unused Serialized files (Serialized files now loaded: 0)
System memory in use before: 90.1 MB.
System memory in use after: 87.4 MB.

Unloading 110 unused Assets to reduce memory usage. Loaded Objects now: 4942.
Total: 7.998800 ms (FindLiveObjects: 0.815700 ms CreateObjectMapping: 0.725700 ms MarkObjects: 4.462500 ms  DeleteObjects: 1.992700 ms)

========================================================================
Received Import Request.
  path: Assets/Scripts/GameObjects/BaseShelter.cs
  artifactKey: Guid(2885647bda083ae48a64beabf6ecf3ad) Importer(2089858483,934ff659095e30574adcf32a4c2f97b5)
Start importing Assets/Scripts/GameObjects/BaseShelter.cs using Guid(2885647bda083ae48a64beabf6ecf3ad) Importer(2089858483,934ff659095e30574adcf32a4c2f97b5)  -> (artifact id: 'c448f16aeee28ea48f85913ad4c8ae61') in 0.115244 seconds 
========================================================================
Received Import Request.
  Time since last request: 0.000317 seconds.
  path: Assets/Scripts/Shared/Constants.cs
  artifactKey: Guid(2b56782d0a73a4e4c81f37f6860ce926) Importer(2089858483,934ff659095e30574adcf32a4c2f97b5)
Start importing Assets/Scripts/Shared/Constants.cs using Guid(2b56782d0a73a4e4c81f37f6860ce926) Importer(2089858483,934ff659095e30574adcf32a4c2f97b5)  -> (artifact id: 'fd1957ff708481c6d951baba30843459') in 0.008955 seconds 
========================================================================
Received Import Request.
  Time since last request: 0.000321 seconds.
  path: Assets/Scripts/GameObjects/Cannon.cs
  artifactKey: Guid(6bb1ea2e117385849b5649f7fdc2811d) Importer(2089858483,934ff659095e30574adcf32a4c2f97b5)
Start importing Assets/Scripts/GameObjects/Cannon.cs using Guid(6bb1ea2e117385849b5649f7fdc2811d) Importer(2089858483,934ff659095e30574adcf32a4c2f97b5)  -> (artifact id: '09cb5ec142ad1309a6494723de60a162') in 0.013793 seconds 
========================================================================
Received Import Request.
  Time since last request: 0.000337 seconds.
  path: Assets/Scripts/GameObjects/Invader.cs
  artifactKey: Guid(68bd6b2c497dfe343a606b6ad6a40f67) Importer(2089858483,934ff659095e30574adcf32a4c2f97b5)
Start importing Assets/Scripts/GameObjects/Invader.cs using Guid(68bd6b2c497dfe343a606b6ad6a40f67) Importer(2089858483,934ff659095e30574adcf32a4c2f97b5)  -> (artifact id: '4dda735af3a66254018cfeaaa86c9c1c') in 0.007541 seconds 
========================================================================
Received Import Request.
  Time since last request: 0.000314 seconds.
  path: Assets/Scripts/GameObjects/Bullet.cs
  artifactKey: Guid(a7ce19ca744d06e4a9c7852fc71b4905) Importer(2089858483,934ff659095e30574adcf32a4c2f97b5)
Start importing Assets/Scripts/GameObjects/Bullet.cs using Guid(a7ce19ca744d06e4a9c7852fc71b4905) Importer(2089858483,934ff659095e30574adcf32a4c2f97b5)  -> (artifact id: '03bf4710d62d739c6aa36cba2fd37e7c') in 0.008532 seconds 
========================================================================
Received Import Request.
  Time since last request: 1163.683115 seconds.
  path: Assets/Editor Default Resources/FMOD/Border.png
  artifactKey: Guid(40848578d1961334d820821bec6175a4) Importer(815301076,1909f56bfc062723c751e8b465ee728b)
Start importing Assets/Editor Default Resources/FMOD/Border.png using Guid(40848578d1961334d820821bec6175a4) Importer(815301076,1909f56bfc062723c751e8b465ee728b)  -> (artifact id: '27e47868188d5a121132c77e5cb5a977') in 0.081383 seconds 
========================================================================
Received Import Request.
  Time since last request: 0.000333 seconds.
  path: Assets/Editor Default Resources/FMOD/BrowserIcon.png
  artifactKey: Guid(c783b763d12874147876e070661b66ab) Importer(815301076,1909f56bfc062723c751e8b465ee728b)
Start importing Assets/Editor Default Resources/FMOD/BrowserIcon.png using Guid(c783b763d12874147876e070661b66ab) Importer(815301076,1909f56bfc062723c751e8b465ee728b)  -> (artifact id: '52980e3eb4035efe2080f2b54a4bf156') in 0.016557 seconds 
========================================================================
Received Import Request.
  Time since last request: 0.000316 seconds.
  path: Assets/Editor Default Resources/FMOD/Delete.png
  artifactKey: Guid(196080340db65c44883dd3f599556fb9) Importer(815301076,1909f56bfc062723c751e8b465ee728b)
Start importing Assets/Editor Default Resources/FMOD/Delete.png using Guid(196080340db65c44883dd3f599556fb9) Importer(815301076,1909f56bfc062723c751e8b465ee728b)  -> (artifact id: 'ec159465619fa07338479aa9aa92c976') in 0.009333 seconds 
========================================================================
Received Import Request.
  Time since last request: 0.111606 seconds.
  path: Assets/Editor Default Resources/FMOD/EventIcon.png
  artifactKey: Guid(a602f206f9cb31f439c79a2fe23687c5) Importer(815301076,1909f56bfc062723c751e8b465ee728b)
Start importing Assets/Editor Default Resources/FMOD/EventIcon.png using Guid(a602f206f9cb31f439c79a2fe23687c5) Importer(815301076,1909f56bfc062723c751e8b465ee728b)  -> (artifact id: 'faf3a663e75c378d57225d7637619bf8') in 0.024913 seconds 
========================================================================
Received Import Request.
  Time since last request: 0.000321 seconds.
  path: Assets/Editor Default Resources/FMOD/SelectedAlt.png
  artifactKey: Guid(8ce9b717b1bc7564cbe35664f2f178a7) Importer(815301076,1909f56bfc062723c751e8b465ee728b)
Start importing Assets/Editor Default Resources/FMOD/SelectedAlt.png using Guid(8ce9b717b1bc7564cbe35664f2f178a7) Importer(815301076,1909f56bfc062723c751e8b465ee728b)  -> (artifact id: '546662c411b3ca279862357f6f6046f9') in 0.010563 seconds 
========================================================================
Received Import Request.
  Time since last request: 0.000305 seconds.
  path: Assets/Editor Default Resources/FMOD/FolderIconOpen.png
  artifactKey: Guid(d2b54e4f7f80b9448a41d3c5985f5672) Importer(815301076,1909f56bfc062723c751e8b465ee728b)
Start importing Assets/Editor Default Resources/FMOD/FolderIconOpen.png using Guid(d2b54e4f7f80b9448a41d3c5985f5672) Importer(815301076,1909f56bfc062723c751e8b465ee728b)  -> (artifact id: 'c356d7ad33a5e8ccc9992676fa55b736') in 0.011429 seconds 
========================================================================
Received Import Request.
  Time since last request: 0.000345 seconds.
  path: Assets/Editor Default Resources/FMOD/TransportOpen.png
  artifactKey: Guid(b0fb832e401d1514a9611735d8d340b1) Importer(815301076,1909f56bfc062723c751e8b465ee728b)
Start importing Assets/Editor Default Resources/FMOD/TransportOpen.png using Guid(b0fb832e401d1514a9611735d8d340b1) Importer(815301076,1909f56bfc062723c751e8b465ee728b)  -> (artifact id: 'd0386f32877f4fdef6d35c37387eee07') in 0.008883 seconds 
========================================================================
Received Import Request.
  Time since last request: 0.000421 seconds.
  path: Assets/Editor Default Resources/FMOD/SearchIcon.png
  artifactKey: Guid(1b785acb38b002542a02d6c4cbb1fa6f) Importer(815301076,1909f56bfc062723c751e8b465ee728b)
Start importing Assets/Editor Default Resources/FMOD/SearchIcon.png using Guid(1b785acb38b002542a02d6c4cbb1fa6f) Importer(815301076,1909f56bfc062723c751e8b465ee728b)  -> (artifact id: '89b25fd0b189fe7dbef5d007f0262d20') in 0.010403 seconds 
========================================================================
Received Import Request.
  Time since last request: 0.000347 seconds.
  path: Assets/Plugins/FMOD/addons/ResonanceAudio/Scripts/FMODUnityResonance.asmdef
  artifactKey: Guid(44d09cf463b68274884d8a3c8a94e528) Importer(815301076,1909f56bfc062723c751e8b465ee728b)
Start importing Assets/Plugins/FMOD/addons/ResonanceAudio/Scripts/FMODUnityResonance.asmdef using Guid(44d09cf463b68274884d8a3c8a94e528) Importer(815301076,1909f56bfc062723c751e8b465ee728b)  -> (artifact id: 'b4272b367079f263534dce7834a55ea6') in 0.013453 seconds 
========================================================================
Received Import Request.
  Time since last request: 0.000349 seconds.
  path: Assets/Editor Default Resources/FMOD/previewemitter.png
  artifactKey: Guid(9519043db3741934fa01455c47683e8c) Importer(815301076,1909f56bfc062723c751e8b465ee728b)
Start importing Assets/Editor Default Resources/FMOD/previewemitter.png using Guid(9519043db3741934fa01455c47683e8c) Importer(815301076,1909f56bfc062723c751e8b465ee728b)  -> (artifact id: 'fd4ce986165eb0170563e78aa819c384') in 0.012294 seconds 
========================================================================
Received Import Request.
  Time since last request: 0.000335 seconds.
  path: Assets/Editor Default Resources/FMOD/Selected.png
  artifactKey: Guid(38be8eaefa585de4aa1781acb0adc866) Importer(815301076,1909f56bfc062723c751e8b465ee728b)
Start importing Assets/Editor Default Resources/FMOD/Selected.png using Guid(38be8eaefa585de4aa1781acb0adc866) Importer(815301076,1909f56bfc062723c751e8b465ee728b)  -> (artifact id: 'b017f5f4ba148bda8d38c2d03854fb7a') in 0.012789 seconds 
========================================================================
Received Import Request.
  Time since last request: 0.000319 seconds.
  path: Assets/Editor Default Resources/FMOD/FolderIconClosed.png
  artifactKey: Guid(70efeb6d97126f843b30b8ed62d18a4f) Importer(815301076,1909f56bfc062723c751e8b465ee728b)
Start importing Assets/Editor Default Resources/FMOD/FolderIconClosed.png using Guid(70efeb6d97126f843b30b8ed62d18a4f) Importer(815301076,1909f56bfc062723c751e8b465ee728b)  -> (artifact id: '72d42c5f06e19e6624054355e7266474') in 0.009146 seconds 
========================================================================
Received Import Request.
  Time since last request: 0.000342 seconds.
  path: Assets/Editor Default Resources/FMOD/SearchIconBlack.png
  artifactKey: Guid(99471facfde9fb84dbe4a81ad570ebce) Importer(815301076,1909f56bfc062723c751e8b465ee728b)
Start importing Assets/Editor Default Resources/FMOD/SearchIconBlack.png using Guid(99471facfde9fb84dbe4a81ad570ebce) Importer(815301076,1909f56bfc062723c751e8b465ee728b)  -> (artifact id: 'c6c2417440d4b26792cc79899c3ab7a0') in 0.010631 seconds 
========================================================================
Received Import Request.
  Time since last request: 0.000321 seconds.
  path: Assets/Editor Default Resources/FMOD/preview.png
  artifactKey: Guid(0793eda432fc5df4ab1291e6baacd771) Importer(815301076,1909f56bfc062723c751e8b465ee728b)
Start importing Assets/Editor Default Resources/FMOD/preview.png using Guid(0793eda432fc5df4ab1291e6baacd771) Importer(815301076,1909f56bfc062723c751e8b465ee728b)  -> (artifact id: '855c7fed5f4288ca3eb88600e02c0c60') in 0.013667 seconds 
========================================================================
Received Import Request.
  Time since last request: 0.000341 seconds.
  path: Assets/Editor Default Resources/FMOD/LevelMeterOff.png
  artifactKey: Guid(48dc5470d93f669419f294fcd33f7b7c) Importer(815301076,1909f56bfc062723c751e8b465ee728b)
Start importing Assets/Editor Default Resources/FMOD/LevelMeterOff.png using Guid(48dc5470d93f669419f294fcd33f7b7c) Importer(815301076,1909f56bfc062723c751e8b465ee728b)  -> (artifact id: 'd73c765c9cd9123df82b27cf774970ce') in 0.010924 seconds 
========================================================================
Received Import Request.
  Time since last request: 0.000325 seconds.
  path: Assets/Editor Default Resources/FMOD/LevelMeter.png
  artifactKey: Guid(21e7a3d41a926364a8b9a6704ebe80d8) Importer(815301076,1909f56bfc062723c751e8b465ee728b)
Start importing Assets/Editor Default Resources/FMOD/LevelMeter.png using Guid(21e7a3d41a926364a8b9a6704ebe80d8) Importer(815301076,1909f56bfc062723c751e8b465ee728b)  -> (artifact id: 'c31b06dd5bbb3c7301e905d40b977882') in 0.010829 seconds 
========================================================================
Received Prepare
Registering precompiled user dll's ...
Registered in 0.009644 seconds.
Begin MonoManager ReloadAssembly
Native extension for WindowsStandalone target not found
Refreshing native plugins compatible for Editor in 1.52 ms, found 3 plugins.
Preloading 0 native plugins for Editor in 0.00 ms.
RefreshInfo: StopAssetImportingV2(NoUpdateAssetOptions) scanfilter: 
RefreshProfiler: Total: 0.000ms
Mono: successfully reloaded assembly
- Completed reload, in  1.945 seconds
Platform modules already initialized, skipping
Shader 'Universal Render Pipeline/Particles/Lit': fallback shader 'Universal Render Pipeline/Particles/SimpleLit' not found
Shader 'Universal Render Pipeline/Particles/Lit': fallback shader 'Universal Render Pipeline/Particles/SimpleLit' not found
Refreshing native plugins compatible for Editor in 2.41 ms, found 3 plugins.
Preloading 0 native plugins for Editor in 0.00 ms.
Unloading 2005 Unused Serialized files (Serialized files now loaded: 0)
System memory in use before: 133.0 MB.
System memory in use after: 130.3 MB.

Unloading 103 unused Assets to reduce memory usage. Loaded Objects now: 5179.
Total: 8.293700 ms (FindLiveObjects: 0.701400 ms CreateObjectMapping: 0.523100 ms MarkObjects: 4.908900 ms  DeleteObjects: 2.157500 ms)

========================================================================
Received Prepare
Registering precompiled user dll's ...
Registered in 0.009871 seconds.
Begin MonoManager ReloadAssembly
Native extension for WindowsStandalone target not found
Refreshing native plugins compatible for Editor in 1.69 ms, found 3 plugins.
Preloading 0 native plugins for Editor in 0.00 ms.
RefreshInfo: StopAssetImportingV2(NoUpdateAssetOptions) scanfilter: 
RefreshProfiler: Total: 0.000ms
Mono: successfully reloaded assembly
- Completed reload, in  1.741 seconds
Platform modules already initialized, skipping
Shader 'Universal Render Pipeline/Particles/Lit': fallback shader 'Universal Render Pipeline/Particles/SimpleLit' not found
Shader 'Universal Render Pipeline/Particles/Lit': fallback shader 'Universal Render Pipeline/Particles/SimpleLit' not found
Refreshing native plugins compatible for Editor in 1.36 ms, found 3 plugins.
Preloading 0 native plugins for Editor in 0.00 ms.
Unloading 2005 Unused Serialized files (Serialized files now loaded: 0)
System memory in use before: 133.0 MB.
System memory in use after: 130.4 MB.

Unloading 103 unused Assets to reduce memory usage. Loaded Objects now: 5182.
Total: 8.940100 ms (FindLiveObjects: 0.635100 ms CreateObjectMapping: 0.531200 ms MarkObjects: 4.548400 ms  DeleteObjects: 3.223900 ms)

========================================================================
Received Prepare
Registering precompiled user dll's ...
Registered in 0.009554 seconds.
Begin MonoManager ReloadAssembly
Native extension for WindowsStandalone target not found
Refreshing native plugins compatible for Editor in 1.51 ms, found 3 plugins.
Preloading 0 native plugins for Editor in 0.00 ms.
RefreshInfo: StopAssetImportingV2(NoUpdateAssetOptions) scanfilter: 
RefreshProfiler: Total: 0.000ms
Mono: successfully reloaded assembly
- Completed reload, in  1.860 seconds
Platform modules already initialized, skipping
Shader 'Universal Render Pipeline/Particles/Lit': fallback shader 'Universal Render Pipeline/Particles/SimpleLit' not found
Shader 'Universal Render Pipeline/Particles/Lit': fallback shader 'Universal Render Pipeline/Particles/SimpleLit' not found
Refreshing native plugins compatible for Editor in 2.43 ms, found 3 plugins.
Preloading 0 native plugins for Editor in 0.00 ms.
Unloading 2005 Unused Serialized files (Serialized files now loaded: 0)
System memory in use before: 133.1 MB.
System memory in use after: 130.4 MB.

Unloading 103 unused Assets to reduce memory usage. Loaded Objects now: 5185.
Total: 8.184700 ms (FindLiveObjects: 0.444800 ms CreateObjectMapping: 0.380700 ms MarkObjects: 5.012100 ms  DeleteObjects: 2.345200 ms)

========================================================================
Received Import Request.
  Time since last request: 1118.580780 seconds.
  path: Assets/Materials/Ground.mat
  artifactKey: Guid(1160de3b3994e154e8c8ad4256041a9f) Importer(815301076,1909f56bfc062723c751e8b465ee728b)
Start importing Assets/Materials/Ground.mat using Guid(1160de3b3994e154e8c8ad4256041a9f) Importer(815301076,1909f56bfc062723c751e8b465ee728b)  -> (artifact id: '242c95ca960acb9a59e0f12804ee8cd4') in 0.453047 seconds 
========================================================================
Received Import Request.
  Time since last request: 3375.330333 seconds.
  path: Assets/Resources
  artifactKey: Guid(840f816a33568684694a5261320092ba) Importer(815301076,1909f56bfc062723c751e8b465ee728b)
Start importing Assets/Resources using Guid(840f816a33568684694a5261320092ba) Importer(815301076,1909f56bfc062723c751e8b465ee728b)  -> (artifact id: '00b3de3d29355ede6bf1f692c286e641') in 0.010784 seconds 
========================================================================
Received Prepare
Registering precompiled user dll's ...
Registered in 0.010101 seconds.
Begin MonoManager ReloadAssembly
Native extension for WindowsStandalone target not found
Refreshing native plugins compatible for Editor in 2.52 ms, found 3 plugins.
Preloading 0 native plugins for Editor in 0.00 ms.
RefreshInfo: StopAssetImportingV2(NoUpdateAssetOptions) scanfilter: 
RefreshProfiler: Total: 0.000ms
Mono: successfully reloaded assembly
- Completed reload, in  2.403 seconds
Platform modules already initialized, skipping
Shader 'Universal Render Pipeline/Particles/Lit': fallback shader 'Universal Render Pipeline/Particles/SimpleLit' not found
Shader 'Universal Render Pipeline/Particles/Lit': fallback shader 'Universal Render Pipeline/Particles/SimpleLit' not found
Refreshing native plugins compatible for Editor in 2.35 ms, found 3 plugins.
Preloading 0 native plugins for Editor in 0.00 ms.
Unloading 1988 Unused Serialized files (Serialized files now loaded: 0)
System memory in use before: 139.5 MB.
System memory in use after: 136.8 MB.

Unloading 103 unused Assets to reduce memory usage. Loaded Objects now: 5266.
Total: 9.041800 ms (FindLiveObjects: 0.739600 ms CreateObjectMapping: 0.521700 ms MarkObjects: 5.643400 ms  DeleteObjects: 2.135300 ms)

========================================================================
Received Import Request.
  Time since last request: 489.421377 seconds.
  path: Assets/Materials/BaseShelterLow.mat
  artifactKey: Guid(9915ded8769b61a479491aa50269bfef) Importer(815301076,1909f56bfc062723c751e8b465ee728b)
Start importing Assets/Materials/BaseShelterLow.mat using Guid(9915ded8769b61a479491aa50269bfef) Importer(815301076,1909f56bfc062723c751e8b465ee728b)  -> (artifact id: '3aa33290dbc25a5b3581d975660e920d') in 0.378121 seconds 
========================================================================
Received Import Request.
  Time since last request: 0.000337 seconds.
  path: Assets/Materials/Transparent.mat
  artifactKey: Guid(eb8aa3c2d476a9e4ab92216b6ce8fd21) Importer(815301076,1909f56bfc062723c751e8b465ee728b)
Start importing Assets/Materials/Transparent.mat using Guid(eb8aa3c2d476a9e4ab92216b6ce8fd21) Importer(815301076,1909f56bfc062723c751e8b465ee728b)  -> (artifact id: 'f07bc03454bc5e4e1fdb2850d479cc15') in 0.020662 seconds 
========================================================================
Received Import Request.
  Time since last request: 11.591886 seconds.
  path: Assets/Materials/BaseShelterMedium.mat
  artifactKey: Guid(3dce0e1feae36c746a87f37a47260819) Importer(815301076,1909f56bfc062723c751e8b465ee728b)
Start importing Assets/Materials/BaseShelterMedium.mat using Guid(3dce0e1feae36c746a87f37a47260819) Importer(815301076,1909f56bfc062723c751e8b465ee728b)  -> (artifact id: 'cd4c1440863a47c53eb9ba8dc99f515d') in 0.014112 seconds 
========================================================================
Received Prepare
Registering precompiled user dll's ...
Registered in 0.009351 seconds.
Begin MonoManager ReloadAssembly
Native extension for WindowsStandalone target not found
Refreshing native plugins compatible for Editor in 2.27 ms, found 3 plugins.
Preloading 0 native plugins for Editor in 0.00 ms.
RefreshInfo: StopAssetImportingV2(NoUpdateAssetOptions) scanfilter: 
RefreshProfiler: Total: 0.000ms
Mono: successfully reloaded assembly
- Completed reload, in  2.080 seconds
Platform modules already initialized, skipping
Shader 'Universal Render Pipeline/Particles/Lit': fallback shader 'Universal Render Pipeline/Particles/SimpleLit' not found
Shader 'Universal Render Pipeline/Particles/Lit': fallback shader 'Universal Render Pipeline/Particles/SimpleLit' not found
Refreshing native plugins compatible for Editor in 1.44 ms, found 3 plugins.
Preloading 0 native plugins for Editor in 0.00 ms.
Unloading 1988 Unused Serialized files (Serialized files now loaded: 0)
System memory in use before: 139.6 MB.
System memory in use after: 136.9 MB.

Unloading 103 unused Assets to reduce memory usage. Loaded Objects now: 5305.
Total: 8.352600 ms (FindLiveObjects: 0.843700 ms CreateObjectMapping: 0.678300 ms MarkObjects: 4.615100 ms  DeleteObjects: 2.211800 ms)

========================================================================
Received Import Request.
  Time since last request: 235.520930 seconds.
  path: Assets/Prefabs/BaseShelter.prefab
  artifactKey: Guid(a38832d678923ad4b90cc80ec0dff1a2) Importer(815301076,1909f56bfc062723c751e8b465ee728b)
Start importing Assets/Prefabs/BaseShelter.prefab using Guid(a38832d678923ad4b90cc80ec0dff1a2) Importer(815301076,1909f56bfc062723c751e8b465ee728b)  -> (artifact id: 'cf1fc37e8647ef57807eebcbd0c77c4e') in 0.296366 seconds 
========================================================================
Received Import Request.
  Time since last request: 0.000374 seconds.
  path: Assets/Prefabs/MisteryShip.prefab
  artifactKey: Guid(51f0013de913ee843bcf5cd4eb0bbe39) Importer(815301076,1909f56bfc062723c751e8b465ee728b)
Start importing Assets/Prefabs/MisteryShip.prefab using Guid(51f0013de913ee843bcf5cd4eb0bbe39) Importer(815301076,1909f56bfc062723c751e8b465ee728b)  -> (artifact id: '0e52917bbcec9a00d9ef615c921aac3c') in 0.024731 seconds 
========================================================================
Received Import Request.
  Time since last request: 0.000420 seconds.
  path: Assets/Prefabs/Invader 1.prefab
  artifactKey: Guid(5a7d4a60b8693824a88540f8b7eaed3f) Importer(815301076,1909f56bfc062723c751e8b465ee728b)
Start importing Assets/Prefabs/Invader 1.prefab using Guid(5a7d4a60b8693824a88540f8b7eaed3f) Importer(815301076,1909f56bfc062723c751e8b465ee728b)  -> (artifact id: '3e99cb5a3b7ad2b8e729389b6caeaef3') in 0.020998 seconds 
========================================================================
Received Import Request.
  Time since last request: 0.000435 seconds.
  path: Assets/Prefabs/Invader 3.prefab
  artifactKey: Guid(b4ee87093be61e647b5fbf49b0ee3a84) Importer(815301076,1909f56bfc062723c751e8b465ee728b)
Start importing Assets/Prefabs/Invader 3.prefab using Guid(b4ee87093be61e647b5fbf49b0ee3a84) Importer(815301076,1909f56bfc062723c751e8b465ee728b)  -> (artifact id: '9f73db8b2652f398954cbddda1689392') in 0.035587 seconds 
========================================================================
Received Import Request.
  Time since last request: 0.000341 seconds.
  path: Assets/Prefabs/Invader 2.prefab
  artifactKey: Guid(c21a001e21e352541bd620eaf953d78b) Importer(815301076,1909f56bfc062723c751e8b465ee728b)
Start importing Assets/Prefabs/Invader 2.prefab using Guid(c21a001e21e352541bd620eaf953d78b) Importer(815301076,1909f56bfc062723c751e8b465ee728b)  -> (artifact id: '1f68e0d542a2df62c14ba9d77abef50f') in 0.031968 seconds 
========================================================================
Received Prepare
Registering precompiled user dll's ...
Registered in 0.011690 seconds.
Begin MonoManager ReloadAssembly
Native extension for WindowsStandalone target not found
Refreshing native plugins compatible for Editor in 2.52 ms, found 3 plugins.
Preloading 0 native plugins for Editor in 0.00 ms.
RefreshInfo: StopAssetImportingV2(NoUpdateAssetOptions) scanfilter: 
RefreshProfiler: Total: 0.000ms
Mono: successfully reloaded assembly
- Completed reload, in  2.094 seconds
Platform modules already initialized, skipping
Shader 'Universal Render Pipeline/Particles/Lit': fallback shader 'Universal Render Pipeline/Particles/SimpleLit' not found
Shader 'Universal Render Pipeline/Particles/Lit': fallback shader 'Universal Render Pipeline/Particles/SimpleLit' not found
Refreshing native plugins compatible for Editor in 1.38 ms, found 3 plugins.
Preloading 0 native plugins for Editor in 0.00 ms.
Unloading 1988 Unused Serialized files (Serialized files now loaded: 0)
System memory in use before: 139.7 MB.
System memory in use after: 137.0 MB.

Unloading 103 unused Assets to reduce memory usage. Loaded Objects now: 5345.
Total: 7.134900 ms (FindLiveObjects: 0.550400 ms CreateObjectMapping: 0.451500 ms MarkObjects: 4.045700 ms  DeleteObjects: 2.085600 ms)

========================================================================
Received Prepare
Registering precompiled user dll's ...
Registered in 0.009716 seconds.
Begin MonoManager ReloadAssembly
Native extension for WindowsStandalone target not found
Refreshing native plugins compatible for Editor in 1.77 ms, found 3 plugins.
Preloading 0 native plugins for Editor in 0.00 ms.
RefreshInfo: StopAssetImportingV2(NoUpdateAssetOptions) scanfilter: 
RefreshProfiler: Total: 0.000ms
Mono: successfully reloaded assembly
- Completed reload, in  2.080 seconds
Platform modules already initialized, skipping
Shader 'Universal Render Pipeline/Particles/Lit': fallback shader 'Universal Render Pipeline/Particles/SimpleLit' not found
Shader 'Universal Render Pipeline/Particles/Lit': fallback shader 'Universal Render Pipeline/Particles/SimpleLit' not found
Refreshing native plugins compatible for Editor in 2.57 ms, found 3 plugins.
Preloading 0 native plugins for Editor in 0.00 ms.
Unloading 1988 Unused Serialized files (Serialized files now loaded: 0)
System memory in use before: 139.7 MB.
System memory in use after: 137.0 MB.

Unloading 103 unused Assets to reduce memory usage. Loaded Objects now: 5348.
Total: 5.885200 ms (FindLiveObjects: 0.516500 ms CreateObjectMapping: 0.401200 ms MarkObjects: 3.410000 ms  DeleteObjects: 1.556000 ms)

========================================================================
Received Prepare
Registering precompiled user dll's ...
Registered in 0.010308 seconds.
Begin MonoManager ReloadAssembly
Native extension for WindowsStandalone target not found
Refreshing native plugins compatible for Editor in 1.61 ms, found 3 plugins.
Preloading 0 native plugins for Editor in 0.00 ms.
RefreshInfo: StopAssetImportingV2(NoUpdateAssetOptions) scanfilter: 
RefreshProfiler: Total: 0.000ms
Mono: successfully reloaded assembly
- Completed reload, in  2.289 seconds
Platform modules already initialized, skipping
Shader 'Universal Render Pipeline/Particles/Lit': fallback shader 'Universal Render Pipeline/Particles/SimpleLit' not found
Shader 'Universal Render Pipeline/Particles/Lit': fallback shader 'Universal Render Pipeline/Particles/SimpleLit' not found
Refreshing native plugins compatible for Editor in 2.26 ms, found 3 plugins.
Preloading 0 native plugins for Editor in 0.00 ms.
Unloading 1988 Unused Serialized files (Serialized files now loaded: 0)
System memory in use before: 139.7 MB.
System memory in use after: 137.0 MB.

Unloading 103 unused Assets to reduce memory usage. Loaded Objects now: 5351.
Total: 9.326800 ms (FindLiveObjects: 0.741600 ms CreateObjectMapping: 0.523300 ms MarkObjects: 5.221400 ms  DeleteObjects: 2.837900 ms)

========================================================================
Received Prepare
Registering precompiled user dll's ...
Registered in 0.012415 seconds.
Begin MonoManager ReloadAssembly
Native extension for WindowsStandalone target not found
Refreshing native plugins compatible for Editor in 1.88 ms, found 3 plugins.
Preloading 0 native plugins for Editor in 0.00 ms.
RefreshInfo: StopAssetImportingV2(NoUpdateAssetOptions) scanfilter: 
RefreshProfiler: Total: 0.000ms
Mono: successfully reloaded assembly
- Completed reload, in  1.955 seconds
Platform modules already initialized, skipping
Shader 'Universal Render Pipeline/Particles/Lit': fallback shader 'Universal Render Pipeline/Particles/SimpleLit' not found
Shader 'Universal Render Pipeline/Particles/Lit': fallback shader 'Universal Render Pipeline/Particles/SimpleLit' not found
Refreshing native plugins compatible for Editor in 2.07 ms, found 3 plugins.
Preloading 0 native plugins for Editor in 0.00 ms.
Unloading 1988 Unused Serialized files (Serialized files now loaded: 0)
System memory in use before: 139.7 MB.
System memory in use after: 137.0 MB.

Unloading 103 unused Assets to reduce memory usage. Loaded Objects now: 5354.
Total: 8.444500 ms (FindLiveObjects: 0.735600 ms CreateObjectMapping: 0.606900 ms MarkObjects: 4.415300 ms  DeleteObjects: 2.684600 ms)

AssetImportWorkerClient::OnTransportError - code=2 error=End of file
